<html>
<head>
<title>TestNG:  Default test</title>
<link href="../testng.css" rel="stylesheet" type="text/css" />
<link href="../my-testng.css" rel="stylesheet" type="text/css" />

<style type="text/css">
.log { display: none;} 
.stack-trace { display: none;} 
</style>
<script type="text/javascript">
<!--
function flip(e) {
  current = e.style.display;
  if (current == 'block') {
    e.style.display = 'none';
    return 0;
  }
  else {
    e.style.display = 'block';
    return 1;
  }
}

function toggleBox(szDivId, elem, msg1, msg2)
{
  var res = -1;  if (document.getElementById) {
    res = flip(document.getElementById(szDivId));
  }
  else if (document.all) {
    // this is the way old msie versions work
    res = flip(document.all[szDivId]);
  }
  if(elem) {
    if(res == 0) elem.innerHTML = msg1; else elem.innerHTML = msg2;
  }

}

function toggleAllBoxes() {
  if (document.getElementsByTagName) {
    d = document.getElementsByTagName('div');
    for (i = 0; i < d.length; i++) {
      if (d[i].className == 'log') {
        flip(d[i]);
      }
    }
  }
}

// -->
</script>

</head>
<body>
<h2 align='center'>Default test</h2><table border='1' align="center">
<tr>
<td>Tests passed/Failed/Skipped:</td><td>0/1/0</td>
</tr><tr>
<td>Started on:</td><td>Wed Feb 08 23:49:14 EET 2023</td>
</tr>
<tr><td>Total time:</td><td>1 seconds (1340 ms)</td>
</tr><tr>
<td>Included groups:</td><td></td>
</tr><tr>
<td>Excluded groups:</td><td></td>
</tr>
</table><p/>
<small><i>(Hover the method name to see the test class name)</i></small><p/>
<table width='100%' border='1' class='invocation-failed'>
<tr><td colspan='4' align='center'><b>FAILED TESTS</b></td></tr>
<tr><td><b>Test method</b></td>
<td><b>Attribute(s)</b></td>
<td width="30%"><b>Exception</b></td>
<td width="10%"><b>Time (seconds)</b></td>
<td><b>Instance</b></td>
</tr>
<tr>
<td title='org.example.App.openca()'><b>openca</b><br>Test class: org.example.App</td>
<td><div><pre>org.openqa.selenium.SessionNotCreatedException: Could not start a new session. Response code 500. Message: An unknown server-side error occurred while processing the command. Original error: Cannot verify the signature of &apos;/tmp/202318-71312-1oty1d3.czulh/appium-uiautomator2-server-v4.27.0.apk&apos;. Original error: Could not find &apos;apksigner.jar&apos; in [&quot;/usr/share/android-sdk/platform-tools/apksigner.jar&quot;,&quot;/usr/share/android-sdk/emulator/apksigner.jar&quot;,&quot;/usr/share/android-sdk/cmdline-tools/latest/bin/apksigner.jar&quot;,&quot;/usr/share/android-sdk/tools/apksigner.jar&quot;,&quot;/usr/share/android-sdk/tools/bin/apksigner.jar&quot;,&quot;/usr/share/android-sdk/apksigner.jar&quot;,&quot;/usr/share/android-sdk/build-tools/23.0.3/apksigner.jar&quot;,&quot;/usr/share/android-sdk/build-tools/23.0.3/lib/apksigner.jar&quot;,&quot;/usr/share/android-sdk/build-tools/23.0.2/apksigner.jar&quot;,&quot;/usr/share/android-sdk/build-tools/23.0.2/lib/apksigner.jar&quot;,&quot;/usr/share/android-sdk/build-tools/23.0.1/apksigner.jar&quot;,&quot;/usr/share/android-sdk/build-tools/23.0.1/lib/apksigner.jar&quot;,&quot;/usr/share/android-sdk/build-tools/22.0.1/apksigner.jar&quot;,&quot;/usr/share/android-sdk/build-tools/22.0.1/lib/apksigner.jar&quot;,&quot;/usr/share/android-sdk/build-tools/21.1.2/apksigner.jar&quot;,&quot;/usr/share/android-sdk/build-tools/21.1.2/lib/apksigner.jar&quot;,&quot;/usr/share/android-sdk/build-tools/20.0.0/apksigner.jar&quot;,&quot;/usr/share/android-sdk/build-tools/20.0.0/lib/apksigner.jar&quot;,&quot;/usr/share/android-sdk/build-tools/19.1.0/apksigner.jar&quot;,&quot;/usr/share/android-sdk/build-tools/19.1.0/lib/apksigner.jar&quot;]. Do you have Android Build Tools installed at &apos;/usr/share/android-sdk&apos;? 
Host info: host: &apos;amr&apos;, ip: &apos;127.0.1.1&apos;
Build info: version: &apos;4.7.2&apos;, revision: &apos;4d4020c3b7&apos;
System info: os.name: &apos;Linux&apos;, os.arch: &apos;amd64&apos;, os.version: &apos;6.0.0-kali3-amd64&apos;, java.version: &apos;17.0.6&apos;
Driver info: io.appium.java_client.android.AndroidDriver
Command: [null, newSession {capabilities=[{appium:app=/home/amr/Downloads/app-dokan-release.apk, appium:deviceName=sdk_gphone64_x86_64, platformName=ANDROID, appium:platformVersion=13}], desiredCapabilities=Capabilities {app: /home/amr/Downloads/app-dok..., deviceName: sdk_gphone64_x86_64, platformName: ANDROID, platformVersion: 13}}]
Capabilities {}
	at org.openqa.selenium.remote.ProtocolHandshake.createSession(ProtocolHandshake.java:148)
	at java.base/jdk.internal.reflect.NativeMethodAccessorImpl.invoke0(Native Method)
	at java.base/jdk.internal.reflect.NativeMethodAccessorImpl.invoke(NativeMethodAccessorImpl.java:77)
	at java.base/jdk.internal.reflect.DelegatingMethodAccessorImpl.invoke(DelegatingMethodAccessorImpl.java:43)
	at java.base/java.lang.reflect.Method.invoke(Method.java:568)
	at io.appium.java_client.remote.AppiumProtocolHandshake.createSession(AppiumProtocolHandshake.java:133)
	at io.appium.java_client.remote.AppiumProtocolHandshake.createSession(AppiumProtocolHandshake.java:102)
	at io.appium.java_client.remote.AppiumCommandExecutor.createSession(AppiumCommandExecutor.java:194)
	at io.appium.java_client.remote.AppiumCommandExecutor.execute(AppiumCommandExecutor.java:262)
	at org.openqa.selenium.remote.RemoteWebDriver.execute(RemoteWebDriver.java:535)
	at io.appium.java_client.AppiumDriver.startSession(AppiumDriver.java:229)
	at org.openqa.selenium.remote.RemoteWebDriver.&lt;init&gt;(RemoteWebDriver.java:156)
	at io.appium.java_client.AppiumDriver.&lt;init&gt;(AppiumDriver.java:80)
	at io.appium.java_client.AppiumDriver.&lt;init&gt;(AppiumDriver.java:92)
	at io.appium.java_client.android.AndroidDriver.&lt;init&gt;(AndroidDriver.java:117)
	at org.example.App.openca(App.java:34)
	at java.base/jdk.internal.reflect.NativeMethodAccessorImpl.invoke0(Native Method)
	at java.base/jdk.internal.reflect.NativeMethodAccessorImpl.invoke(NativeMethodAccessorImpl.java:77)
	at java.base/jdk.internal.reflect.DelegatingMethodAccessorImpl.invoke(DelegatingMethodAccessorImpl.java:43)
	at java.base/java.lang.reflect.Method.invoke(Method.java:568)
	at org.testng.internal.invokers.MethodInvocationHelper.invokeMethod(MethodInvocationHelper.java:139)
	at org.testng.internal.invokers.TestInvoker.invokeMethod(TestInvoker.java:677)
	at org.testng.internal.invokers.TestInvoker.invokeTestMethod(TestInvoker.java:221)
	at org.testng.internal.invokers.MethodRunner.runInSequence(MethodRunner.java:50)
	at org.testng.internal.invokers.TestInvoker$MethodInvocationAgent.invoke(TestInvoker.java:969)
	at org.testng.internal.invokers.TestInvoker.invokeTestMethods(TestInvoker.java:194)
	at org.testng.internal.invokers.TestMethodWorker.invokeTestMethods(TestMethodWorker.java:148)
	at org.testng.internal.invokers.TestMethodWorker.run(TestMethodWorker.java:128)
	at java.base/java.util.ArrayList.forEach(ArrayList.java:1511)
	at org.testng.TestRunner.privateRun(TestRunner.java:829)
	at org.testng.TestRunner.run(TestRunner.java:602)
	at org.testng.SuiteRunner.runTest(SuiteRunner.java:437)
	at org.testng.SuiteRunner.runSequentially(SuiteRunner.java:431)
	at org.testng.SuiteRunner.privateRun(SuiteRunner.java:391)
	at org.testng.SuiteRunner.run(SuiteRunner.java:330)
	at org.testng.SuiteRunnerWorker.runSuite(SuiteRunnerWorker.java:52)
	at org.testng.SuiteRunnerWorker.run(SuiteRunnerWorker.java:95)
	at org.testng.TestNG.runSuitesSequentially(TestNG.java:1256)
	at org.testng.TestNG.runSuitesLocally(TestNG.java:1176)
	at org.testng.TestNG.runSuites(TestNG.java:1099)
	at org.testng.TestNG.run(TestNG.java:1067)
	at org.testng.remote.AbstractRemoteTestNG.run(AbstractRemoteTestNG.java:115)
	at org.testng.remote.RemoteTestNG.initAndRun(RemoteTestNG.java:251)
	at org.testng.remote.RemoteTestNG.main(RemoteTestNG.java:77)
</pre></div><a href='#' onClick='toggleBox("stack-trace1814908102", this, "Click to show all stack frames", "Click to hide stack frames")'>Click to show all stack frames</a>
<div class='stack-trace' id='stack-trace1814908102'><pre>org.openqa.selenium.SessionNotCreatedException: Could not start a new session. Response code 500. Message: An unknown server-side error occurred while processing the command. Original error: Cannot verify the signature of &apos;/tmp/202318-71312-1oty1d3.czulh/appium-uiautomator2-server-v4.27.0.apk&apos;. Original error: Could not find &apos;apksigner.jar&apos; in [&quot;/usr/share/android-sdk/platform-tools/apksigner.jar&quot;,&quot;/usr/share/android-sdk/emulator/apksigner.jar&quot;,&quot;/usr/share/android-sdk/cmdline-tools/latest/bin/apksigner.jar&quot;,&quot;/usr/share/android-sdk/tools/apksigner.jar&quot;,&quot;/usr/share/android-sdk/tools/bin/apksigner.jar&quot;,&quot;/usr/share/android-sdk/apksigner.jar&quot;,&quot;/usr/share/android-sdk/build-tools/23.0.3/apksigner.jar&quot;,&quot;/usr/share/android-sdk/build-tools/23.0.3/lib/apksigner.jar&quot;,&quot;/usr/share/android-sdk/build-tools/23.0.2/apksigner.jar&quot;,&quot;/usr/share/android-sdk/build-tools/23.0.2/lib/apksigner.jar&quot;,&quot;/usr/share/android-sdk/build-tools/23.0.1/apksigner.jar&quot;,&quot;/usr/share/android-sdk/build-tools/23.0.1/lib/apksigner.jar&quot;,&quot;/usr/share/android-sdk/build-tools/22.0.1/apksigner.jar&quot;,&quot;/usr/share/android-sdk/build-tools/22.0.1/lib/apksigner.jar&quot;,&quot;/usr/share/android-sdk/build-tools/21.1.2/apksigner.jar&quot;,&quot;/usr/share/android-sdk/build-tools/21.1.2/lib/apksigner.jar&quot;,&quot;/usr/share/android-sdk/build-tools/20.0.0/apksigner.jar&quot;,&quot;/usr/share/android-sdk/build-tools/20.0.0/lib/apksigner.jar&quot;,&quot;/usr/share/android-sdk/build-tools/19.1.0/apksigner.jar&quot;,&quot;/usr/share/android-sdk/build-tools/19.1.0/lib/apksigner.jar&quot;]. Do you have Android Build Tools installed at &apos;/usr/share/android-sdk&apos;? 
Host info: host: &apos;amr&apos;, ip: &apos;127.0.1.1&apos;
Build info: version: &apos;4.7.2&apos;, revision: &apos;4d4020c3b7&apos;
System info: os.name: &apos;Linux&apos;, os.arch: &apos;amd64&apos;, os.version: &apos;6.0.0-kali3-amd64&apos;, java.version: &apos;17.0.6&apos;
Driver info: io.appium.java_client.android.AndroidDriver
Command: [null, newSession {capabilities=[{appium:app=/home/amr/Downloads/app-dokan-release.apk, appium:deviceName=sdk_gphone64_x86_64, platformName=ANDROID, appium:platformVersion=13}], desiredCapabilities=Capabilities {app: /home/amr/Downloads/app-dok..., deviceName: sdk_gphone64_x86_64, platformName: ANDROID, platformVersion: 13}}]
Capabilities {}
	at org.openqa.selenium.remote.ProtocolHandshake.createSession(ProtocolHandshake.java:148)
	at java.base/jdk.internal.reflect.NativeMethodAccessorImpl.invoke0(Native Method)
	at java.base/jdk.internal.reflect.NativeMethodAccessorImpl.invoke(NativeMethodAccessorImpl.java:77)
	at java.base/jdk.internal.reflect.DelegatingMethodAccessorImpl.invoke(DelegatingMethodAccessorImpl.java:43)
	at java.base/java.lang.reflect.Method.invoke(Method.java:568)
	at io.appium.java_client.remote.AppiumProtocolHandshake.createSession(AppiumProtocolHandshake.java:133)
	at io.appium.java_client.remote.AppiumProtocolHandshake.createSession(AppiumProtocolHandshake.java:102)
	at io.appium.java_client.remote.AppiumCommandExecutor.createSession(AppiumCommandExecutor.java:194)
	at io.appium.java_client.remote.AppiumCommandExecutor.execute(AppiumCommandExecutor.java:262)
	at org.openqa.selenium.remote.RemoteWebDriver.execute(RemoteWebDriver.java:535)
	at io.appium.java_client.AppiumDriver.startSession(AppiumDriver.java:229)
	at org.openqa.selenium.remote.RemoteWebDriver.&lt;init&gt;(RemoteWebDriver.java:156)
	at io.appium.java_client.AppiumDriver.&lt;init&gt;(AppiumDriver.java:80)
	at io.appium.java_client.AppiumDriver.&lt;init&gt;(AppiumDriver.java:92)
	at io.appium.java_client.android.AndroidDriver.&lt;init&gt;(AndroidDriver.java:117)
	at org.example.App.openca(App.java:34)
	at java.base/jdk.internal.reflect.NativeMethodAccessorImpl.invoke0(Native Method)
	at java.base/jdk.internal.reflect.NativeMethodAccessorImpl.invoke(NativeMethodAccessorImpl.java:77)
	at java.base/jdk.internal.reflect.DelegatingMethodAccessorImpl.invoke(DelegatingMethodAccessorImpl.java:43)
	at java.base/java.lang.reflect.Method.invoke(Method.java:568)
	at org.testng.internal.invokers.MethodInvocationHelper.invokeMethod(MethodInvocationHelper.java:139)
	at org.testng.internal.invokers.TestInvoker.invokeMethod(TestInvoker.java:677)
	at org.testng.internal.invokers.TestInvoker.invokeTestMethod(TestInvoker.java:221)
	at org.testng.internal.invokers.MethodRunner.runInSequence(MethodRunner.java:50)
	at org.testng.internal.invokers.TestInvoker$MethodInvocationAgent.invoke(TestInvoker.java:969)
	at org.testng.internal.invokers.TestInvoker.invokeTestMethods(TestInvoker.java:194)
	at org.testng.internal.invokers.TestMethodWorker.invokeTestMethods(TestMethodWorker.java:148)
	at org.testng.internal.invokers.TestMethodWorker.run(TestMethodWorker.java:128)
	at java.base/java.util.ArrayList.forEach(ArrayList.java:1511)
	at org.testng.TestRunner.privateRun(TestRunner.java:829)
	at org.testng.TestRunner.run(TestRunner.java:602)
	at org.testng.SuiteRunner.runTest(SuiteRunner.java:437)
	at org.testng.SuiteRunner.runSequentially(SuiteRunner.java:431)
	at org.testng.SuiteRunner.privateRun(SuiteRunner.java:391)
	at org.testng.SuiteRunner.run(SuiteRunner.java:330)
	at org.testng.SuiteRunnerWorker.runSuite(SuiteRunnerWorker.java:52)
	at org.testng.SuiteRunnerWorker.run(SuiteRunnerWorker.java:95)
	at org.testng.TestNG.runSuitesSequentially(TestNG.java:1256)
	at org.testng.TestNG.runSuitesLocally(TestNG.java:1176)
	at org.testng.TestNG.runSuites(TestNG.java:1099)
	at org.testng.TestNG.run(TestNG.java:1067)
	at org.testng.remote.AbstractRemoteTestNG.run(AbstractRemoteTestNG.java:115)
	at org.testng.remote.RemoteTestNG.initAndRun(RemoteTestNG.java:251)
	at org.testng.remote.RemoteTestNG.main(RemoteTestNG.java:77)
</pre></div></td>
<td>1</td>
<td>org.example.App@39529185</td></tr>
</table><p>
</body>
</html>