<?xml version="1.0" encoding="UTF-8"?>
<!-- Generated by org.testng.reporters.JUnitReportReporter -->
<testsuite hostname="amr" failures="0" tests="1" name="org.example.App" time="1.292" errors="1" timestamp="2023-02-08T23:49:15 EET" skipped="0">
  <testcase classname="org.example.App" name="openca" time="1.292">
    <error message="Could not start a new session. Response code 500. Message: An unknown server-side error occurred while processing the command. Original error: Cannot verify the signature of &#039;/tmp/202318-71312-1oty1d3.czulh/appium-uiautomator2-server-v4.27.0.apk&#039;. Original error: Could not find &#039;apksigner.jar&#039; in [&quot;/usr/share/android-sdk/platform-tools/apksigner.jar&quot;,&quot;/usr/share/android-sdk/emulator/apksigner.jar&quot;,&quot;/usr/share/android-sdk/cmdline-tools/latest/bin/apksigner.jar&quot;,&quot;/usr/share/android-sdk/tools/apksigner.jar&quot;,&quot;/usr/share/android-sdk/tools/bin/apksigner.jar&quot;,&quot;/usr/share/android-sdk/apksigner.jar&quot;,&quot;/usr/share/android-sdk/build-tools/23.0.3/apksigner.jar&quot;,&quot;/usr/share/android-sdk/build-tools/23.0.3/lib/apksigner.jar&quot;,&quot;/usr/share/android-sdk/build-tools/23.0.2/apksigner.jar&quot;,&quot;/usr/share/android-sdk/build-tools/23.0.2/lib/apksigner.jar&quot;,&quot;/usr/share/android-sdk/build-tools/23.0.1/apksigner.jar&quot;,&quot;/usr/share/android-sdk/build-tools/23.0.1/lib/apksigner.jar&quot;,&quot;/usr/share/android-sdk/build-tools/22.0.1/apksigner.jar&quot;,&quot;/usr/share/android-sdk/build-tools/22.0.1/lib/apksigner.jar&quot;,&quot;/usr/share/android-sdk/build-tools/21.1.2/apksigner.jar&quot;,&quot;/usr/share/android-sdk/build-tools/21.1.2/lib/apksigner.jar&quot;,&quot;/usr/share/android-sdk/build-tools/20.0.0/apksigner.jar&quot;,&quot;/usr/share/android-sdk/build-tools/20.0.0/lib/apksigner.jar&quot;,&quot;/usr/share/android-sdk/build-tools/19.1.0/apksigner.jar&quot;,&quot;/usr/share/android-sdk/build-tools/19.1.0/lib/apksigner.jar&quot;]. Do you have Android Build Tools installed at &#039;/usr/share/android-sdk&#039;? 
Host info: host: &#039;amr&#039;, ip: &#039;127.0.1.1&#039;
Build info: version: &#039;4.7.2&#039;, revision: &#039;4d4020c3b7&#039;
System info: os.name: &#039;Linux&#039;, os.arch: &#039;amd64&#039;, os.version: &#039;6.0.0-kali3-amd64&#039;, java.version: &#039;17.0.6&#039;
Driver info: io.appium.java_client.android.AndroidDriver
Command: [null, newSession {capabilities=[{appium:app=/home/amr/Downloads/app-dokan-release.apk, appium:deviceName=sdk_gphone64_x86_64, platformName=ANDROID, appium:platformVersion=13}], desiredCapabilities=Capabilities {app: /home/amr/Downloads/app-dok..., deviceName: sdk_gphone64_x86_64, platformName: ANDROID, platformVersion: 13}}]
Capabilities {}" type="org.openqa.selenium.SessionNotCreatedException">
      <![CDATA[org.openqa.selenium.SessionNotCreatedException: Could not start a new session. Response code 500. Message: An unknown server-side error occurred while processing the command. Original error: Cannot verify the signature of '/tmp/202318-71312-1oty1d3.czulh/appium-uiautomator2-server-v4.27.0.apk'. Original error: Could not find 'apksigner.jar' in ["/usr/share/android-sdk/platform-tools/apksigner.jar","/usr/share/android-sdk/emulator/apksigner.jar","/usr/share/android-sdk/cmdline-tools/latest/bin/apksigner.jar","/usr/share/android-sdk/tools/apksigner.jar","/usr/share/android-sdk/tools/bin/apksigner.jar","/usr/share/android-sdk/apksigner.jar","/usr/share/android-sdk/build-tools/23.0.3/apksigner.jar","/usr/share/android-sdk/build-tools/23.0.3/lib/apksigner.jar","/usr/share/android-sdk/build-tools/23.0.2/apksigner.jar","/usr/share/android-sdk/build-tools/23.0.2/lib/apksigner.jar","/usr/share/android-sdk/build-tools/23.0.1/apksigner.jar","/usr/share/android-sdk/build-tools/23.0.1/lib/apksigner.jar","/usr/share/android-sdk/build-tools/22.0.1/apksigner.jar","/usr/share/android-sdk/build-tools/22.0.1/lib/apksigner.jar","/usr/share/android-sdk/build-tools/21.1.2/apksigner.jar","/usr/share/android-sdk/build-tools/21.1.2/lib/apksigner.jar","/usr/share/android-sdk/build-tools/20.0.0/apksigner.jar","/usr/share/android-sdk/build-tools/20.0.0/lib/apksigner.jar","/usr/share/android-sdk/build-tools/19.1.0/apksigner.jar","/usr/share/android-sdk/build-tools/19.1.0/lib/apksigner.jar"]. Do you have Android Build Tools installed at '/usr/share/android-sdk'? 
Host info: host: 'amr', ip: '127.0.1.1'
Build info: version: '4.7.2', revision: '4d4020c3b7'
System info: os.name: 'Linux', os.arch: 'amd64', os.version: '6.0.0-kali3-amd64', java.version: '17.0.6'
Driver info: io.appium.java_client.android.AndroidDriver
Command: [null, newSession {capabilities=[{appium:app=/home/amr/Downloads/app-dokan-release.apk, appium:deviceName=sdk_gphone64_x86_64, platformName=ANDROID, appium:platformVersion=13}], desiredCapabilities=Capabilities {app: /home/amr/Downloads/app-dok..., deviceName: sdk_gphone64_x86_64, platformName: ANDROID, platformVersion: 13}}]
Capabilities {}
at org.openqa.selenium.remote.ProtocolHandshake.createSession(ProtocolHandshake.java:148)
at java.base/jdk.internal.reflect.NativeMethodAccessorImpl.invoke0(Native Method)
at java.base/jdk.internal.reflect.NativeMethodAccessorImpl.invoke(NativeMethodAccessorImpl.java:77)
at java.base/jdk.internal.reflect.DelegatingMethodAccessorImpl.invoke(DelegatingMethodAccessorImpl.java:43)
at java.base/java.lang.reflect.Method.invoke(Method.java:568)
at io.appium.java_client.remote.AppiumProtocolHandshake.createSession(AppiumProtocolHandshake.java:133)
at io.appium.java_client.remote.AppiumProtocolHandshake.createSession(AppiumProtocolHandshake.java:102)
at io.appium.java_client.remote.AppiumCommandExecutor.createSession(AppiumCommandExecutor.java:194)
at io.appium.java_client.remote.AppiumCommandExecutor.execute(AppiumCommandExecutor.java:262)
at org.openqa.selenium.remote.RemoteWebDriver.execute(RemoteWebDriver.java:535)
at io.appium.java_client.AppiumDriver.startSession(AppiumDriver.java:229)
at org.openqa.selenium.remote.RemoteWebDriver.<init>(RemoteWebDriver.java:156)
at io.appium.java_client.AppiumDriver.<init>(AppiumDriver.java:80)
at io.appium.java_client.AppiumDriver.<init>(AppiumDriver.java:92)
at io.appium.java_client.android.AndroidDriver.<init>(AndroidDriver.java:117)
at org.example.App.openca(App.java:34)
at java.base/jdk.internal.reflect.NativeMethodAccessorImpl.invoke0(Native Method)
at java.base/jdk.internal.reflect.NativeMethodAccessorImpl.invoke(NativeMethodAccessorImpl.java:77)
at java.base/jdk.internal.reflect.DelegatingMethodAccessorImpl.invoke(DelegatingMethodAccessorImpl.java:43)
at java.base/java.lang.reflect.Method.invoke(Method.java:568)
at org.testng.internal.invokers.MethodInvocationHelper.invokeMethod(MethodInvocationHelper.java:139)
at org.testng.internal.invokers.TestInvoker.invokeMethod(TestInvoker.java:677)
at org.testng.internal.invokers.TestInvoker.invokeTestMethod(TestInvoker.java:221)
at org.testng.internal.invokers.MethodRunner.runInSequence(MethodRunner.java:50)
at org.testng.internal.invokers.TestInvoker$MethodInvocationAgent.invoke(TestInvoker.java:969)
at org.testng.internal.invokers.TestInvoker.invokeTestMethods(TestInvoker.java:194)
at org.testng.internal.invokers.TestMethodWorker.invokeTestMethods(TestMethodWorker.java:148)
at org.testng.internal.invokers.TestMethodWorker.run(TestMethodWorker.java:128)
at java.base/java.util.ArrayList.forEach(ArrayList.java:1511)
at org.testng.TestRunner.privateRun(TestRunner.java:829)
at org.testng.TestRunner.run(TestRunner.java:602)
at org.testng.SuiteRunner.runTest(SuiteRunner.java:437)
at org.testng.SuiteRunner.runSequentially(SuiteRunner.java:431)
at org.testng.SuiteRunner.privateRun(SuiteRunner.java:391)
at org.testng.SuiteRunner.run(SuiteRunner.java:330)
at org.testng.SuiteRunnerWorker.runSuite(SuiteRunnerWorker.java:52)
at org.testng.SuiteRunnerWorker.run(SuiteRunnerWorker.java:95)
at org.testng.TestNG.runSuitesSequentially(TestNG.java:1256)
at org.testng.TestNG.runSuitesLocally(TestNG.java:1176)
at org.testng.TestNG.runSuites(TestNG.java:1099)
at org.testng.TestNG.run(TestNG.java:1067)
at org.testng.remote.AbstractRemoteTestNG.run(AbstractRemoteTestNG.java:115)
at org.testng.remote.RemoteTestNG.initAndRun(RemoteTestNG.java:251)
at org.testng.remote.RemoteTestNG.main(RemoteTestNG.java:77)
]]>
    </error>
  </testcase> <!-- openca -->
  <system-out/>
</testsuite> <!-- org.example.App -->
